<?xml version="1.0" encoding="utf-8"?><testsuite errors="0" failures="0" name="pytest" skips="2" tests="72" time="1.337"><testcase classname="mini_lambda.tests.test_mini_lambda" file="mini_lambda/tests/test_mini_lambda.py" line="14" name="test_evaluator_iterable" time="0.0015757083892822266"></testcase><testcase classname="mini_lambda.tests.test_mini_lambda" file="mini_lambda/tests/test_mini_lambda.py" line="29" name="test_evaluator_iterator" time="0.0013828277587890625"></testcase><testcase classname="mini_lambda.tests.test_mini_lambda" file="mini_lambda/tests/test_mini_lambda.py" line="58" name="test_evaluator_iterator_iterable" time="0.00193023681640625"></testcase><testcase classname="mini_lambda.tests.test_mini_lambda" file="mini_lambda/tests/test_mini_lambda.py" line="69" name="test_evaluator_iterable_iterator_and_comparison" time="0.0015475749969482422"></testcase><testcase classname="mini_lambda.tests.test_mini_lambda" file="mini_lambda/tests/test_mini_lambda.py" line="81" name="test_evaluator_comprehension" time="0.001420736312866211"></testcase><testcase classname="mini_lambda.tests.test_mini_lambda" file="mini_lambda/tests/test_mini_lambda.py" line="90" name="test_evaluator_iterable_any" time="0.001367807388305664"></testcase><testcase classname="mini_lambda.tests.test_mini_lambda" file="mini_lambda/tests/test_mini_lambda.py" line="104" name="test_evaluator_iterable_all" time="0.0017161369323730469"></testcase><testcase classname="mini_lambda.tests.test_mini_lambda" file="mini_lambda/tests/test_mini_lambda.py" line="119" name="test_evaluator_repr" time="0.0015969276428222656"></testcase><testcase classname="mini_lambda.tests.test_mini_lambda" file="mini_lambda/tests/test_mini_lambda.py" line="138" name="test_evaluator_complex_1" time="0.0012736320495605469"></testcase><testcase classname="mini_lambda.tests.test_mini_lambda" file="mini_lambda/tests/test_mini_lambda.py" line="149" name="test_evaluator_str" time="0.0013530254364013672"></testcase><testcase classname="mini_lambda.tests.test_mini_lambda" file="mini_lambda/tests/test_mini_lambda.py" line="165" name="test_evaluator_bytes" time="0.0014126300811767578"></testcase><testcase classname="mini_lambda.tests.test_mini_lambda" file="mini_lambda/tests/test_mini_lambda.py" line="182" name="test_evaluator_format" time="0.0015900135040283203"></testcase><testcase classname="mini_lambda.tests.test_mini_lambda" file="mini_lambda/tests/test_mini_lambda.py" line="212" name="test_evaluator_sizeof" time="0.002010822296142578"></testcase><testcase classname="mini_lambda.tests.test_mini_lambda" file="mini_lambda/tests/test_mini_lambda.py" line="230" name="test_evaluator_comparable" time="0.0012612342834472656"></testcase><testcase classname="mini_lambda.tests.test_mini_lambda" file="mini_lambda/tests/test_mini_lambda.py" line="250" name="test_evaluator_comparable_normal_function_first" time="0.0009009838104248047"><skipped message="it is not possible anymore to use functions as expressions, they need to be converted first" type="pytest.skip">mini_lambda/tests/test_mini_lambda.py:250: &lt;py._xmlgen.raw object at 0x7f8a3fcde748&gt;</skipped></testcase><testcase classname="mini_lambda.tests.test_mini_lambda" file="mini_lambda/tests/test_mini_lambda.py" line="263" name="test_evaluator_comparable_both_evaluators" time="0.0008342266082763672"></testcase><testcase classname="mini_lambda.tests.test_mini_lambda" file="mini_lambda/tests/test_mini_lambda.py" line="276" name="test_evaluator_hashable" time="0.0009770393371582031"></testcase><testcase classname="mini_lambda.tests.test_mini_lambda" file="mini_lambda/tests/test_mini_lambda.py" line="292" name="test_evaluator_truth_testable" time="0.0009605884552001953"></testcase><testcase classname="mini_lambda.tests.test_mini_lambda" file="mini_lambda/tests/test_mini_lambda.py" line="308" name="test_evaluator_truth_testable_not" time="0.0015666484832763672"></testcase><testcase classname="mini_lambda.tests.test_mini_lambda" file="mini_lambda/tests/test_mini_lambda.py" line="324" name="test_evaluator_logical_and" time="0.0016760826110839844"></testcase><testcase classname="mini_lambda.tests.test_mini_lambda" file="mini_lambda/tests/test_mini_lambda.py" line="341" name="test_evaluator_logical_or" time="0.003401041030883789"></testcase><testcase classname="mini_lambda.tests.test_mini_lambda" file="mini_lambda/tests/test_mini_lambda.py" line="359" name="test_evaluator_attribute" time="0.0013728141784667969"></testcase><testcase classname="mini_lambda.tests.test_mini_lambda" file="mini_lambda/tests/test_mini_lambda.py" line="378" name="test_evaluator_nonexistent_attribute_2" time="0.0009567737579345703"></testcase><testcase classname="mini_lambda.tests.test_mini_lambda" file="mini_lambda/tests/test_mini_lambda.py" line="429" name="test_evaluator_container" time="0.0014870166778564453"></testcase><testcase classname="mini_lambda.tests.test_mini_lambda" file="mini_lambda/tests/test_mini_lambda.py" line="446" name="test_evaluator_sized" time="0.002057790756225586"></testcase><testcase classname="mini_lambda.tests.test_mini_lambda" file="mini_lambda/tests/test_mini_lambda.py" line="460" name="test_evaluator_sized_compared" time="0.0013778209686279297"></testcase><testcase classname="mini_lambda.tests.test_mini_lambda" file="mini_lambda/tests/test_mini_lambda.py" line="483" name="test_evaluator_reversible" time="0.0011134147644042969"></testcase><testcase classname="mini_lambda.tests.test_mini_lambda" file="mini_lambda/tests/test_mini_lambda.py" line="495" name="test_evaluator_mapping" time="0.0009548664093017578"></testcase><testcase classname="mini_lambda.tests.test_mini_lambda" file="mini_lambda/tests/test_mini_lambda.py" line="515" name="test_evaluator_mapping_key" time="0.001844644546508789"></testcase><testcase classname="mini_lambda.tests.test_mini_lambda" file="mini_lambda/tests/test_mini_lambda.py" line="529" name="test_evaluator_list_slice" time="0.0010020732879638672"></testcase><testcase classname="mini_lambda.tests.test_mini_lambda" file="mini_lambda/tests/test_mini_lambda.py" line="546" name="test_evaluator_numeric" time="0.0014872550964355469"></testcase><testcase classname="mini_lambda.tests.test_mini_lambda" file="mini_lambda/tests/test_mini_lambda.py" line="599" name="test_evaluator_print_pow" time="0.0017442703247070312"></testcase><testcase classname="mini_lambda.tests.test_mini_lambda" file="mini_lambda/tests/test_mini_lambda.py" line="610" name="test_evaluator_int_convertible" time="0.0010073184967041016"></testcase><testcase classname="mini_lambda.tests.test_mini_lambda" file="mini_lambda/tests/test_mini_lambda.py" line="624" name="test_evaluator_maths" time="0.001462697982788086"></testcase><testcase classname="mini_lambda.tests.test_mini_lambda" file="mini_lambda/tests/test_mini_lambda.py" line="650" name="test_evaluator_long_convertible" time="0.0006401538848876953"><skipped message="long seems not to be around anymore..." type="pytest.skip">mini_lambda/tests/test_mini_lambda.py:650: &lt;py._xmlgen.raw object at 0x7f8a41484860&gt;</skipped></testcase><testcase classname="mini_lambda.tests.test_mini_lambda" file="mini_lambda/tests/test_mini_lambda.py" line="666" name="test_evaluator_float_convertible" time="0.001374959945678711"></testcase><testcase classname="mini_lambda.tests.test_mini_lambda" file="mini_lambda/tests/test_mini_lambda.py" line="681" name="test_evaluator_complex_convertible" time="0.00165557861328125"></testcase><testcase classname="mini_lambda.tests.test_mini_lambda" file="mini_lambda/tests/test_mini_lambda.py" line="697" name="test_evaluator_oct_convertible" time="0.0017805099487304688"></testcase><testcase classname="mini_lambda.tests.test_mini_lambda" file="mini_lambda/tests/test_mini_lambda.py" line="712" name="test_evaluator_index_slice" time="0.0018939971923828125"></testcase><testcase classname="mini_lambda.tests.test_mini_lambda" file="mini_lambda/tests/test_mini_lambda.py" line="736" name="test_evaluator_different_vars" time="0.0014045238494873047"></testcase><testcase classname="mini_lambda.tests.test_mini_lambda" file="mini_lambda/tests/test_mini_lambda.py" line="770" name="test_constants_named" time="0.002546072006225586"></testcase><testcase classname="mini_lambda.tests.test_mini_lambda" file="mini_lambda/tests/test_mini_lambda.py" line="782" name="test_generated_methods" time="0.003784656524658203"><system-out>sin(x)
</system-out></testcase><testcase classname="mini_lambda.tests.test_mini_lambda" file="mini_lambda/tests/test_mini_lambda.py" line="797" name="test_constants_methods_can_be_combined" time="0.0018236637115478516"></testcase><testcase classname="mini_lambda.tests.test_mini_lambda" file="mini_lambda/tests/test_mini_lambda.py" line="804" name="test_is_mini_lambda_expr" time="0.0016379356384277344"></testcase><testcase classname="mini_lambda.tests.test_mini_lambda" file="mini_lambda/tests/test_mini_lambda.py" line="823" name="test_as_function" time="0.0013098716735839844"></testcase><testcase classname="mini_lambda.tests.test_mini_lambda_add_methods" file="mini_lambda/tests/test_mini_lambda_add_methods.py" line="5" name="test_add_new_unbound_positional" time="0.0013165473937988281"><system-out>log(2.718281828459045 ** x)
</system-out></testcase><testcase classname="mini_lambda.tests.test_mini_lambda_add_methods" file="mini_lambda/tests/test_mini_lambda_add_methods.py" line="36" name="test_add_new_unbound_keywords" time="0.001979351043701172"></testcase><testcase classname="mini_lambda.tests.test_mini_lambda_add_methods" file="mini_lambda/tests/test_mini_lambda_add_methods.py" line="55" name="test_add_new_unbound_no_name" time="0.0016605854034423828"></testcase><testcase classname="mini_lambda.tests.test_mini_lambda_add_methods" file="mini_lambda/tests/test_mini_lambda_add_methods.py" line="90" name="test_add_new_bound_positional" time="0.0018613338470458984"></testcase><testcase classname="mini_lambda.tests.test_mini_lambda_add_methods" file="mini_lambda/tests/test_mini_lambda_add_methods.py" line="108" name="test_add_new_bound_keywords_static_class" time="0.0014696121215820312"></testcase><testcase classname="mini_lambda.tests.test_mini_lambda_add_methods" file="mini_lambda/tests/test_mini_lambda_add_methods.py" line="151" name="test_donot_add_new_bound_with_constants" time="0.0019180774688720703"></testcase><testcase classname="mini_lambda.tests.test_mini_lambda_add_methods" file="mini_lambda/tests/test_mini_lambda_add_methods.py" line="168" name="test_add_class" time="0.001332998275756836"></testcase><testcase classname="mini_lambda.tests.test_packaging" file="mini_lambda/tests/test_packaging.py" line="1" name="test_named_import" time="0.0016543865203857422"></testcase><testcase classname="mini_lambda.tests.test_packaging" file="mini_lambda/tests/test_packaging.py" line="6" name="test_import_from" time="0.0011746883392333984"></testcase><testcase classname="mini_lambda.tests.test_packaging_wild" file="mini_lambda/tests/test_packaging_wild.py" line="3" name="test_wild_import" time="0.0015480518341064453"></testcase><testcase classname="mini_lambda.tests.test_readme" file="mini_lambda/tests/test_readme.py" line="11" name="test_doc_index_0" time="0.002663850784301758"></testcase><testcase classname="mini_lambda.tests.test_readme" file="mini_lambda/tests/test_readme.py" line="41" name="test_doc_index_1" time="0.0035245418548583984"></testcase><testcase classname="mini_lambda.tests.test_readme" file="mini_lambda/tests/test_readme.py" line="68" name="test_doc_index_2" time="0.0015411376953125"><system-out>s.islower()
s[0:4].upper() + &apos; !&apos;
-x &gt; x ** 2
(1 - 2 * x &lt;= -x) | (-x &gt; x ** 2)
log(10 ** x, 10)
</system-out></testcase><testcase classname="mini_lambda.tests.test_readme" file="mini_lambda/tests/test_readme.py" line="102" name="test_doc_usage_input_variables" time="0.47043752670288086"></testcase><testcase classname="mini_lambda.tests.test_readme" file="mini_lambda/tests/test_readme.py" line="112" name="test_doc_usage_expressions_1" time="0.0014603137969970703"><system-out>&lt;class &apos;mini_lambda.main.LambdaExpression&apos;&gt;
1234
x
</system-out></testcase><testcase classname="mini_lambda.tests.test_readme" file="mini_lambda/tests/test_readme.py" line="129" name="test_doc_usage_expressions_2" time="0.0015685558319091797"></testcase><testcase classname="mini_lambda.tests.test_readme" file="mini_lambda/tests/test_readme.py" line="160" name="test_doc_usage_expressions_3_all_at_once" time="0.0014619827270507812"><system-out>Hello, world !
</system-out></testcase><testcase classname="mini_lambda.tests.test_readme" file="mini_lambda/tests/test_readme.py" line="167" name="test_doc_usage_syntax_1" time="0.0016815662384033203"></testcase><testcase classname="mini_lambda.tests.test_readme" file="mini_lambda/tests/test_readme.py" line="184" name="test_doc_usage_syntax_2" time="0.0030028820037841797"></testcase><testcase classname="mini_lambda.tests.test_readme" file="mini_lambda/tests/test_readme.py" line="269" name="test_doc_usage_other_constants" time="0.0012927055358886719"></testcase><testcase classname="mini_lambda.tests.test_readme" file="mini_lambda/tests/test_readme.py" line="286" name="test_doc_usage_other_functions_1" time="0.0015795230865478516"><system-out>startswith(&apos;hello&apos;, &apos;el&apos;, x)
</system-out></testcase><testcase classname="mini_lambda.tests.test_readme" file="mini_lambda/tests/test_readme.py" line="324" name="test_doc_usage_other_functions_2" time="0.0016176700592041016"></testcase><testcase classname="mini_lambda.tests.test_readme" file="mini_lambda/tests/test_readme.py" line="359" name="test_doc_usage_other_classes" time="0.005278110504150391"></testcase><testcase classname="mini_lambda.tests.test_readme" file="mini_lambda/tests/test_readme.py" line="373" name="test_doc_usage_all_at_once" time="0.016975879669189453"><system-out>   0  1
0  1  2
</system-out></testcase><testcase classname="mini_lambda.tests.test_readme" file="mini_lambda/tests/test_readme.py" line="386" name="test_doc_usage_already_imported" time="0.0013363361358642578"></testcase><testcase classname="mini_lambda.tests.test_readme" file="mini_lambda/tests/test_readme.py" line="396" name="test_doc_optional" time="0.003575563430786133"></testcase><testcase classname="mini_lambda.tests.test_readme" file="mini_lambda/tests/test_readme.py" line="410" name="test_doc_as_function" time="0.0013725757598876953"></testcase></testsuite>