<?xml version="1.0" encoding="utf-8"?><testsuite errors="0" failures="0" name="pytest" skips="2" tests="72" time="1.242"><testcase classname="mini_lambda.tests.test_mini_lambda" file="mini_lambda/tests/test_mini_lambda.py" line="14" name="test_evaluator_iterable" time="0.0019235610961914062"></testcase><testcase classname="mini_lambda.tests.test_mini_lambda" file="mini_lambda/tests/test_mini_lambda.py" line="29" name="test_evaluator_iterator" time="0.0012733936309814453"></testcase><testcase classname="mini_lambda.tests.test_mini_lambda" file="mini_lambda/tests/test_mini_lambda.py" line="58" name="test_evaluator_iterator_iterable" time="0.001230478286743164"></testcase><testcase classname="mini_lambda.tests.test_mini_lambda" file="mini_lambda/tests/test_mini_lambda.py" line="69" name="test_evaluator_iterable_iterator_and_comparison" time="0.0012269020080566406"></testcase><testcase classname="mini_lambda.tests.test_mini_lambda" file="mini_lambda/tests/test_mini_lambda.py" line="81" name="test_evaluator_comprehension" time="0.0011820793151855469"></testcase><testcase classname="mini_lambda.tests.test_mini_lambda" file="mini_lambda/tests/test_mini_lambda.py" line="90" name="test_evaluator_iterable_any" time="0.0012979507446289062"></testcase><testcase classname="mini_lambda.tests.test_mini_lambda" file="mini_lambda/tests/test_mini_lambda.py" line="104" name="test_evaluator_iterable_all" time="0.0012886524200439453"></testcase><testcase classname="mini_lambda.tests.test_mini_lambda" file="mini_lambda/tests/test_mini_lambda.py" line="119" name="test_evaluator_repr" time="0.0014393329620361328"></testcase><testcase classname="mini_lambda.tests.test_mini_lambda" file="mini_lambda/tests/test_mini_lambda.py" line="138" name="test_evaluator_complex_1" time="0.0011310577392578125"></testcase><testcase classname="mini_lambda.tests.test_mini_lambda" file="mini_lambda/tests/test_mini_lambda.py" line="149" name="test_evaluator_str" time="0.001100301742553711"></testcase><testcase classname="mini_lambda.tests.test_mini_lambda" file="mini_lambda/tests/test_mini_lambda.py" line="165" name="test_evaluator_bytes" time="0.001276254653930664"></testcase><testcase classname="mini_lambda.tests.test_mini_lambda" file="mini_lambda/tests/test_mini_lambda.py" line="182" name="test_evaluator_format" time="0.0014379024505615234"></testcase><testcase classname="mini_lambda.tests.test_mini_lambda" file="mini_lambda/tests/test_mini_lambda.py" line="212" name="test_evaluator_sizeof" time="0.0012288093566894531"></testcase><testcase classname="mini_lambda.tests.test_mini_lambda" file="mini_lambda/tests/test_mini_lambda.py" line="230" name="test_evaluator_comparable" time="0.0014069080352783203"></testcase><testcase classname="mini_lambda.tests.test_mini_lambda" file="mini_lambda/tests/test_mini_lambda.py" line="250" name="test_evaluator_comparable_normal_function_first" time="0.0008664131164550781"><skipped message="it is not possible anymore to use functions as expressions, they need to be converted first" type="pytest.skip">mini_lambda/tests/test_mini_lambda.py:250: &lt;py._xmlgen.raw object at 0x7fcfac9c9780&gt;</skipped></testcase><testcase classname="mini_lambda.tests.test_mini_lambda" file="mini_lambda/tests/test_mini_lambda.py" line="263" name="test_evaluator_comparable_both_evaluators" time="0.0012655258178710938"></testcase><testcase classname="mini_lambda.tests.test_mini_lambda" file="mini_lambda/tests/test_mini_lambda.py" line="276" name="test_evaluator_hashable" time="0.0012679100036621094"></testcase><testcase classname="mini_lambda.tests.test_mini_lambda" file="mini_lambda/tests/test_mini_lambda.py" line="292" name="test_evaluator_truth_testable" time="0.0011947154998779297"></testcase><testcase classname="mini_lambda.tests.test_mini_lambda" file="mini_lambda/tests/test_mini_lambda.py" line="308" name="test_evaluator_truth_testable_not" time="0.0012328624725341797"></testcase><testcase classname="mini_lambda.tests.test_mini_lambda" file="mini_lambda/tests/test_mini_lambda.py" line="324" name="test_evaluator_logical_and" time="0.0013327598571777344"></testcase><testcase classname="mini_lambda.tests.test_mini_lambda" file="mini_lambda/tests/test_mini_lambda.py" line="341" name="test_evaluator_logical_or" time="0.0013933181762695312"></testcase><testcase classname="mini_lambda.tests.test_mini_lambda" file="mini_lambda/tests/test_mini_lambda.py" line="359" name="test_evaluator_attribute" time="0.0012981891632080078"></testcase><testcase classname="mini_lambda.tests.test_mini_lambda" file="mini_lambda/tests/test_mini_lambda.py" line="378" name="test_evaluator_nonexistent_attribute_2" time="0.0012426376342773438"></testcase><testcase classname="mini_lambda.tests.test_mini_lambda" file="mini_lambda/tests/test_mini_lambda.py" line="429" name="test_evaluator_container" time="0.001199483871459961"></testcase><testcase classname="mini_lambda.tests.test_mini_lambda" file="mini_lambda/tests/test_mini_lambda.py" line="446" name="test_evaluator_sized" time="0.0010538101196289062"></testcase><testcase classname="mini_lambda.tests.test_mini_lambda" file="mini_lambda/tests/test_mini_lambda.py" line="460" name="test_evaluator_sized_compared" time="0.0014166831970214844"></testcase><testcase classname="mini_lambda.tests.test_mini_lambda" file="mini_lambda/tests/test_mini_lambda.py" line="483" name="test_evaluator_reversible" time="0.0011615753173828125"></testcase><testcase classname="mini_lambda.tests.test_mini_lambda" file="mini_lambda/tests/test_mini_lambda.py" line="495" name="test_evaluator_mapping" time="0.0012507438659667969"></testcase><testcase classname="mini_lambda.tests.test_mini_lambda" file="mini_lambda/tests/test_mini_lambda.py" line="515" name="test_evaluator_mapping_key" time="0.0012412071228027344"></testcase><testcase classname="mini_lambda.tests.test_mini_lambda" file="mini_lambda/tests/test_mini_lambda.py" line="529" name="test_evaluator_list_slice" time="0.0011448860168457031"></testcase><testcase classname="mini_lambda.tests.test_mini_lambda" file="mini_lambda/tests/test_mini_lambda.py" line="546" name="test_evaluator_numeric" time="0.0016558170318603516"></testcase><testcase classname="mini_lambda.tests.test_mini_lambda" file="mini_lambda/tests/test_mini_lambda.py" line="599" name="test_evaluator_print_pow" time="0.0010020732879638672"></testcase><testcase classname="mini_lambda.tests.test_mini_lambda" file="mini_lambda/tests/test_mini_lambda.py" line="610" name="test_evaluator_int_convertible" time="0.0011110305786132812"></testcase><testcase classname="mini_lambda.tests.test_mini_lambda" file="mini_lambda/tests/test_mini_lambda.py" line="624" name="test_evaluator_maths" time="0.0014963150024414062"></testcase><testcase classname="mini_lambda.tests.test_mini_lambda" file="mini_lambda/tests/test_mini_lambda.py" line="650" name="test_evaluator_long_convertible" time="0.0006573200225830078"><skipped message="long seems not to be around anymore..." type="pytest.skip">mini_lambda/tests/test_mini_lambda.py:650: &lt;py._xmlgen.raw object at 0x7fcfae233240&gt;</skipped></testcase><testcase classname="mini_lambda.tests.test_mini_lambda" file="mini_lambda/tests/test_mini_lambda.py" line="666" name="test_evaluator_float_convertible" time="0.0013222694396972656"></testcase><testcase classname="mini_lambda.tests.test_mini_lambda" file="mini_lambda/tests/test_mini_lambda.py" line="681" name="test_evaluator_complex_convertible" time="0.0014927387237548828"></testcase><testcase classname="mini_lambda.tests.test_mini_lambda" file="mini_lambda/tests/test_mini_lambda.py" line="697" name="test_evaluator_oct_convertible" time="0.0012049674987792969"></testcase><testcase classname="mini_lambda.tests.test_mini_lambda" file="mini_lambda/tests/test_mini_lambda.py" line="712" name="test_evaluator_index_slice" time="0.0013756752014160156"></testcase><testcase classname="mini_lambda.tests.test_mini_lambda" file="mini_lambda/tests/test_mini_lambda.py" line="736" name="test_evaluator_different_vars" time="0.001462697982788086"></testcase><testcase classname="mini_lambda.tests.test_mini_lambda" file="mini_lambda/tests/test_mini_lambda.py" line="770" name="test_constants_named" time="0.0011508464813232422"></testcase><testcase classname="mini_lambda.tests.test_mini_lambda" file="mini_lambda/tests/test_mini_lambda.py" line="782" name="test_generated_methods" time="0.008242607116699219"><system-out>sin(x)
</system-out></testcase><testcase classname="mini_lambda.tests.test_mini_lambda" file="mini_lambda/tests/test_mini_lambda.py" line="797" name="test_constants_methods_can_be_combined" time="0.0011987686157226562"></testcase><testcase classname="mini_lambda.tests.test_mini_lambda" file="mini_lambda/tests/test_mini_lambda.py" line="804" name="test_is_mini_lambda_expr" time="0.0010898113250732422"></testcase><testcase classname="mini_lambda.tests.test_mini_lambda" file="mini_lambda/tests/test_mini_lambda.py" line="823" name="test_as_function" time="0.0011150836944580078"></testcase><testcase classname="mini_lambda.tests.test_mini_lambda_add_methods" file="mini_lambda/tests/test_mini_lambda_add_methods.py" line="5" name="test_add_new_unbound_positional" time="0.0014142990112304688"><system-out>log(2.718281828459045 ** x)
</system-out></testcase><testcase classname="mini_lambda.tests.test_mini_lambda_add_methods" file="mini_lambda/tests/test_mini_lambda_add_methods.py" line="36" name="test_add_new_unbound_keywords" time="0.001253366470336914"></testcase><testcase classname="mini_lambda.tests.test_mini_lambda_add_methods" file="mini_lambda/tests/test_mini_lambda_add_methods.py" line="55" name="test_add_new_unbound_no_name" time="0.0018362998962402344"></testcase><testcase classname="mini_lambda.tests.test_mini_lambda_add_methods" file="mini_lambda/tests/test_mini_lambda_add_methods.py" line="90" name="test_add_new_bound_positional" time="0.0012679100036621094"></testcase><testcase classname="mini_lambda.tests.test_mini_lambda_add_methods" file="mini_lambda/tests/test_mini_lambda_add_methods.py" line="108" name="test_add_new_bound_keywords_static_class" time="0.0015060901641845703"></testcase><testcase classname="mini_lambda.tests.test_mini_lambda_add_methods" file="mini_lambda/tests/test_mini_lambda_add_methods.py" line="151" name="test_donot_add_new_bound_with_constants" time="0.0013327598571777344"></testcase><testcase classname="mini_lambda.tests.test_mini_lambda_add_methods" file="mini_lambda/tests/test_mini_lambda_add_methods.py" line="168" name="test_add_class" time="0.0014865398406982422"></testcase><testcase classname="mini_lambda.tests.test_packaging" file="mini_lambda/tests/test_packaging.py" line="1" name="test_named_import" time="0.0009539127349853516"></testcase><testcase classname="mini_lambda.tests.test_packaging" file="mini_lambda/tests/test_packaging.py" line="6" name="test_import_from" time="0.0011560916900634766"></testcase><testcase classname="mini_lambda.tests.test_packaging_wild" file="mini_lambda/tests/test_packaging_wild.py" line="3" name="test_wild_import" time="0.0014100074768066406"></testcase><testcase classname="mini_lambda.tests.test_readme" file="mini_lambda/tests/test_readme.py" line="11" name="test_doc_index_0" time="0.0025534629821777344"></testcase><testcase classname="mini_lambda.tests.test_readme" file="mini_lambda/tests/test_readme.py" line="41" name="test_doc_index_1" time="0.0021674633026123047"></testcase><testcase classname="mini_lambda.tests.test_readme" file="mini_lambda/tests/test_readme.py" line="68" name="test_doc_index_2" time="0.001966714859008789"><system-out>s.islower()
s[0:4].upper() + &apos; !&apos;
-x &gt; x ** 2
(1 - 2 * x &lt;= -x) | (-x &gt; x ** 2)
log(10 ** x, 10)
</system-out></testcase><testcase classname="mini_lambda.tests.test_readme" file="mini_lambda/tests/test_readme.py" line="102" name="test_doc_usage_input_variables" time="0.452561616897583"></testcase><testcase classname="mini_lambda.tests.test_readme" file="mini_lambda/tests/test_readme.py" line="112" name="test_doc_usage_expressions_1" time="0.0018575191497802734"><system-out>&lt;class &apos;mini_lambda.main.LambdaExpression&apos;&gt;
1234
x
</system-out></testcase><testcase classname="mini_lambda.tests.test_readme" file="mini_lambda/tests/test_readme.py" line="129" name="test_doc_usage_expressions_2" time="0.0015571117401123047"></testcase><testcase classname="mini_lambda.tests.test_readme" file="mini_lambda/tests/test_readme.py" line="160" name="test_doc_usage_expressions_3_all_at_once" time="0.0015680789947509766"><system-out>Hello, world !
</system-out></testcase><testcase classname="mini_lambda.tests.test_readme" file="mini_lambda/tests/test_readme.py" line="167" name="test_doc_usage_syntax_1" time="0.001615285873413086"></testcase><testcase classname="mini_lambda.tests.test_readme" file="mini_lambda/tests/test_readme.py" line="184" name="test_doc_usage_syntax_2" time="0.002861499786376953"></testcase><testcase classname="mini_lambda.tests.test_readme" file="mini_lambda/tests/test_readme.py" line="269" name="test_doc_usage_other_constants" time="0.0017790794372558594"></testcase><testcase classname="mini_lambda.tests.test_readme" file="mini_lambda/tests/test_readme.py" line="286" name="test_doc_usage_other_functions_1" time="0.0016036033630371094"><system-out>startswith(&apos;hello&apos;, &apos;el&apos;, x)
</system-out></testcase><testcase classname="mini_lambda.tests.test_readme" file="mini_lambda/tests/test_readme.py" line="324" name="test_doc_usage_other_functions_2" time="0.0020155906677246094"></testcase><testcase classname="mini_lambda.tests.test_readme" file="mini_lambda/tests/test_readme.py" line="359" name="test_doc_usage_other_classes" time="0.0040819644927978516"></testcase><testcase classname="mini_lambda.tests.test_readme" file="mini_lambda/tests/test_readme.py" line="373" name="test_doc_usage_all_at_once" time="0.01371622085571289"><system-out>   0  1
0  1  2
</system-out></testcase><testcase classname="mini_lambda.tests.test_readme" file="mini_lambda/tests/test_readme.py" line="386" name="test_doc_usage_already_imported" time="0.0011780261993408203"></testcase><testcase classname="mini_lambda.tests.test_readme" file="mini_lambda/tests/test_readme.py" line="396" name="test_doc_optional" time="0.0024199485778808594"></testcase><testcase classname="mini_lambda.tests.test_readme" file="mini_lambda/tests/test_readme.py" line="410" name="test_doc_as_function" time="0.0015544891357421875"></testcase></testsuite>